<?xml version="1.0" encoding="UTF-8"?>
<!-- Generated by org.testng.reporters.JUnitXMLReporter -->
<testsuite hostname="HP-PC" name="LogIN Test" tests="1" failures="1" timestamp="11 Apr 2018 12:13:17 GMT" time="41.718" errors="0">
  <testcase name="LogIn" time="0.006" classname="com.KeyWord.NewToursLogInTest">
    <failure type="java.io.FileNotFoundException" message="C:\Users\Sys\Desktop\MarchWeekEndBatch\WebApplicationTesting\NewTours.properties (The system cannot find the path specified)">
      <![CDATA[java.io.FileNotFoundException: C:\Users\Sys\Desktop\MarchWeekEndBatch\WebApplicationTesting\NewTours.properties (The system cannot find the path specified)
	at java.io.FileInputStream.open0(Native Method)
	at java.io.FileInputStream.open(Unknown Source)
	at java.io.FileInputStream.<init>(Unknown Source)
	at java.io.FileInputStream.<init>(Unknown Source)
	at com.KeyWord.NewToursLogInTest.LogIn(NewToursLogInTest.java:34)
	at java.util.concurrent.FutureTask.run(Unknown Source)
	at java.util.concurrent.ThreadPoolExecutor.runWorker(Unknown Source)
	at java.util.concurrent.ThreadPoolExecutor$Worker.run(Unknown Source)
	at java.lang.Thread.run(Unknown Source)
... Removed 16 stack frames]]>
    </failure>
  </testcase> <!-- LogIn -->
</testsuite> <!-- LogIN Test -->
